------------------------------------------------------------------------
11/10/18 08:59:27 : current_year:2018
------------------------------------------------------------------------
------------------------------------------------------------------------
11/10/18 08:59:27 : timestamp_folder: 20181110085927
------------------------------------------------------------------------
------------------------------------------------------------------------
11/10/18 08:59:27 : stage table column: index string,year string,Material string,Location_Type string,Location_Name string,Level string,end_dc string,Vendor_Code string,RPM_Material string,Manufacturer string,RPM_Manufacturing_Location string,RPM_Material_Type string,Mfg string,city string,ctry_desc string,name string,Lat string,Lng string,NO string,Episode string,Total string,SubCon_Cost string,Material_No string,RPM_Material_Description string,Finished_Good_Description string,Variant_Description string,Description_of_ptup string,Brnd_desc string,franchise string,Path_ID string,Detail_Loc_Name string,Total_RPM_Cost string,Cost_of_Level string,Cost_Flow string,End_Market string,Selling_Country string
------------------------------------------------------------------------
------------------------------------------------------------------------
11/10/18 08:59:27 : core table  column: index int,Material string,Location_Type string,Location_Name string,Level int,end_dc string,Vendor_Code string,RPM_Material string,Manufacturer string,RPM_Manufacturing_Location string,RPM_Material_Type string,Mfg string,city string,ctry_desc string,name string,Lat double,Lng double,NO int,Episode int,Total double,SubCon_Cost double,Material_No double,RPM_Material_Description string,Finished_Good_Description string,Variant_Description string,Description_of_ptup string,Brnd_desc string,franchise string,Path_ID string,Detail_Loc_Name string,Total_RPM_Cost double,Cost_of_Level double,Cost_Flow double,End_Market string,Selling_Country string
------------------------------------------------------------------------
------------------------------------------------------------------------
11/10/18 08:59:28 : table name: full_mapping_flow
------------------------------------------------------------------------
------------------------------------------------------------------------
11/10/18 08:59:28 : partition_status: Y
------------------------------------------------------------------------
------------------------------------------------------------------------
11/10/18 08:59:28 : partition_col: year
------------------------------------------------------------------------
------------------------------------------------------------------------
11/10/18 08:59:28 : full hdfs stage path: /qa/edl/sdl/plan/con/str/sc_p_con_stg/Transpose/staging/full_mapping_flow/20181110085927
------------------------------------------------------------------------
------------------------------------------------------------------------
11/10/18 08:59:28 : full hdfs core path: /qa/edl/sdl/plan/con/str/sc_p_con_core/Transpose/core/full_mapping_flow
------------------------------------------------------------------------
------------------------------------------------------------------------
11/10/18 08:59:28 : full bad file path:  /qa/edl/sdl/plan/con/str/sc_p_con_stg/Transpose/bad_files/11_10_18
------------------------------------------------------------------------
------------------------------------------------------------------------
11/10/18 08:59:28 : full managed file path : /qa/edl/sdl/plan/con/str/sc_p_con_stg/Transpose/Managed/full_mapping_flow
------------------------------------------------------------------------
------------------------------------------------------------------------
11/10/18 08:59:28 : Edge node file count FULL_MAPPING_FLOW : 1
------------------------------------------------------------------------
------------------------------------------------------------------------
11/10/18 08:59:28 : FULL_MAPPING_FLOW output directory is not empty.Hence ingestion process can continue.
------------------------------------------------------------------------
------------------------------------------------------------------------
------------------------------------------------------------------------
11/10/18 08:59:28 : Creating all the directories in the hdfs path
------------------------------------------------------------------------
------------------------------------------------------------------------
11/10/18 08:59:36 : Below directories were created successfully:
------------------------------------------------------------------------
1./qa/edl/sdl/plan/con/str/sc_p_con_stg/Transpose/staging/full_mapping_flow/20181110085927
2./qa/edl/sdl/plan/con/str/sc_p_con_stg/Transpose/bad_files/11_10_18
3./qa/edl/sdl/plan/con/str/sc_p_con_core/Transpose/core/full_mapping_flow
4./qa/edl/sdl/plan/con/str/sc_p_con_stg/Transpose/Managed/full_mapping_flow
------------------------------------------------------------------------
------------------------------------------------------------------------
11/10/18 08:59:39 : files for FULL_MAPPING_FLOW has been moved to HDFS
------------------------------------------------------------------------
------------------------------------------------------------------------
11/10/18 08:59:41 : HDFS Files count for FULL_MAPPING_FLOW : 1
------------------------------------------------------------------------
------------------------------------------------------------------------
11/10/18 08:59:41 : Files count is matching between Edge count and Hdfs count 
------------------------------------------------------------------------
/qa/edl/sdl/plan/con/str/sc_p_con_stg/Transpose/staging/full_mapping_flow/20181110085927/Mapping_fullflow.csv
------------------------------------------------------------------------
11/10/18 08:59:43 : the extension of the file /qa/edl/sdl/plan/con/str/sc_p_con_stg/Transpose/staging/full_mapping_flow/20181110085927/Mapping_fullflow.csv matches with the required extension for processing
------------------------------------------------------------------------
------------------------------------------------------------------------
------------------------------------------------------------------------
11/10/18 08:59:43 : creating table stg_schema.transpose_dtv'_'full_mapping_flow_stg if it doesnt exist
------------------------------------------------------------------------
------------------------------------------------------------------------
11/10/18 08:59:43 : Trying to connect to HIve beeline server for the 0 time
------------------------------------------------------------------------
Java HotSpot(TM) 64-Bit Server VM warning: ignoring option MaxPermSize=512M; support was removed in 8.0
Java HotSpot(TM) 64-Bit Server VM warning: Using incremental CMS is deprecated and will likely be removed in a future release
Java HotSpot(TM) 64-Bit Server VM warning: ignoring option MaxPermSize=512M; support was removed in 8.0
scan complete in 2ms
Connecting to jdbc:hive2://edlhiveqa.jnj.com:10000/default;principal=hive/edlhiveqa.jnj.com@NA.JNJ.COM
Connected to: Apache Hive (version 1.1.0-cdh5.11.2)
Driver: Hive JDBC (version 1.1.0-cdh5.11.2)
Transaction isolation: TRANSACTION_REPEATABLE_READ
No rows affected (0.038 seconds)
No rows affected (0.004 seconds)
INFO  : Compiling command(queryId=hive_20181110085959_b73211f8-5756-4f7d-a62e-9c7ade08ea26): drop table if exists sc_p_con_stg.transpose_dtv_full_mapping_flow_stg
INFO  : Semantic Analysis Completed
INFO  : Returning Hive schema: Schema(fieldSchemas:null, properties:null)
INFO  : Completed compiling command(queryId=hive_20181110085959_b73211f8-5756-4f7d-a62e-9c7ade08ea26); Time taken: 0.136 seconds
INFO  : Executing command(queryId=hive_20181110085959_b73211f8-5756-4f7d-a62e-9c7ade08ea26): drop table if exists sc_p_con_stg.transpose_dtv_full_mapping_flow_stg
INFO  : Starting task [Stage-0:DDL] in serial mode
INFO  : Completed executing command(queryId=hive_20181110085959_b73211f8-5756-4f7d-a62e-9c7ade08ea26); Time taken: 0.024 seconds
INFO  : OK
No rows affected (0.288 seconds)
INFO  : Compiling command(queryId=hive_20181110085959_0415972a-f65d-4f7c-990f-8196ee1bac94): create external table if not exists sc_p_con_stg.transpose_dtv_full_mapping_flow_stg (index string,year string,Material string,Location_Type string,Location_Name string,Level string,end_dc string,Vendor_Code string,RPM_Material string,Manufacturer string,RPM_Manufacturing_Location string,RPM_Material_Type string,Mfg string,city string,ctry_desc string,name string,Lat string,Lng string,NO string,Episode string,Total string,SubCon_Cost string,Material_No string,RPM_Material_Description string,Finished_Good_Description string,Variant_Description string,Description_of_ptup string,Brnd_desc string,franchise string,Path_ID string,Detail_Loc_Name string,Total_RPM_Cost string,Cost_of_Level string,Cost_Flow string,End_Market string,Selling_Country string) ROW FORMAT SERDE 'org.apache.hadoop.hive.serde2.OpenCSVSerde' WITH SERDEPROPERTIES ('separatorChar' = '|') STORED AS textfile LOCATION '/qa/edl/sdl/plan/con/str/sc_p_con_stg/Transpose/staging/full_mapping_flow/20181110085927' tblproperties ('skip.header.line.count'='1')
INFO  : Semantic Analysis Completed
INFO  : Returning Hive schema: Schema(fieldSchemas:null, properties:null)
INFO  : Completed compiling command(queryId=hive_20181110085959_0415972a-f65d-4f7c-990f-8196ee1bac94); Time taken: 0.222 seconds
INFO  : Executing command(queryId=hive_20181110085959_0415972a-f65d-4f7c-990f-8196ee1bac94): create external table if not exists sc_p_con_stg.transpose_dtv_full_mapping_flow_stg (index string,year string,Material string,Location_Type string,Location_Name string,Level string,end_dc string,Vendor_Code string,RPM_Material string,Manufacturer string,RPM_Manufacturing_Location string,RPM_Material_Type string,Mfg string,city string,ctry_desc string,name string,Lat string,Lng string,NO string,Episode string,Total string,SubCon_Cost string,Material_No string,RPM_Material_Description string,Finished_Good_Description string,Variant_Description string,Description_of_ptup string,Brnd_desc string,franchise string,Path_ID string,Detail_Loc_Name string,Total_RPM_Cost string,Cost_of_Level string,Cost_Flow string,End_Market string,Selling_Country string) ROW FORMAT SERDE 'org.apache.hadoop.hive.serde2.OpenCSVSerde' WITH SERDEPROPERTIES ('separatorChar' = '|') STORED AS textfile LOCATION '/qa/edl/sdl/plan/con/str/sc_p_con_stg/Transpose/staging/full_mapping_flow/20181110085927' tblproperties ('skip.header.line.count'='1')
INFO  : Starting task [Stage-0:DDL] in serial mode
INFO  : Completed executing command(queryId=hive_20181110085959_0415972a-f65d-4f7c-990f-8196ee1bac94); Time taken: 0.03 seconds
INFO  : OK
No rows affected (0.3 seconds)
Beeline version 1.1.0-cdh5.11.2 by Apache Hive
Closing: 0: jdbc:hive2://edlhiveqa.jnj.com:10000/default;principal=hive/edlhiveqa.jnj.com@NA.JNJ.COM
------------------------------------------------------------------------
11/10/18 08:59:47 : Trying to connect to Impala server for the 0 time
------------------------------------------------------------------------
Starting Impala Shell using Kerberos authentication
Using service name 'impala'
SSL is enabled
Connected to edlimpalaqa.jnj.com:21000
Server version: impalad version 2.8.0-cdh5.11.2 RELEASE (build f89269c4b96da14a841e94bdf6d4d48821b0d658)
Query: invalidate metadata sc_p_con_stg.transpose_dtv_full_mapping_flow_stg
Query submitted at: 2018-11-10 08:59:47 (Coordinator: https://ITSUSRALSP07945:25000)
Query progress can be monitored at: https://ITSUSRALSP07945:25000/query_plan?query_id=f744d601ef4bebd3:b42d8fdc00000000
Fetched 0 row(s) in 0.07s
------------------------------------------------------------------------
11/10/18 08:59:47 : Table sc_p_con_stg.transpose_dtv_full_mapping_flow_stg created successfully
------------------------------------------------------------------------
------------------------------------------------------------------------
11/10/18 08:59:47 : Trying to connect to HIve beeline server for the 0 time
------------------------------------------------------------------------
Java HotSpot(TM) 64-Bit Server VM warning: ignoring option MaxPermSize=512M; support was removed in 8.0
Java HotSpot(TM) 64-Bit Server VM warning: Using incremental CMS is deprecated and will likely be removed in a future release
Java HotSpot(TM) 64-Bit Server VM warning: ignoring option MaxPermSize=512M; support was removed in 8.0
scan complete in 1ms
Connecting to jdbc:hive2://edlhiveqa.jnj.com:10000/default;principal=hive/edlhiveqa.jnj.com@NA.JNJ.COM
Connected to: Apache Hive (version 1.1.0-cdh5.11.2)
Driver: Hive JDBC (version 1.1.0-cdh5.11.2)
Transaction isolation: TRANSACTION_REPEATABLE_READ
INFO  : Compiling command(queryId=hive_20181110085959_4899d3d7-d01f-4a79-bc7f-28630f15583e): select count(*) from sc_p_con_stg.transpose_dtv_full_mapping_flow_stg
INFO  : Semantic Analysis Completed
INFO  : Returning Hive schema: Schema(fieldSchemas:[FieldSchema(name:_c0, type:bigint, comment:null)], properties:null)
INFO  : Completed compiling command(queryId=hive_20181110085959_4899d3d7-d01f-4a79-bc7f-28630f15583e); Time taken: 0.136 seconds
INFO  : Executing command(queryId=hive_20181110085959_4899d3d7-d01f-4a79-bc7f-28630f15583e): select count(*) from sc_p_con_stg.transpose_dtv_full_mapping_flow_stg
INFO  : Query ID = hive_20181110085959_4899d3d7-d01f-4a79-bc7f-28630f15583e
INFO  : Total jobs = 1
INFO  : Launching Job 1 out of 1
INFO  : Starting task [Stage-1:MAPRED] in serial mode
INFO  : Number of reduce tasks determined at compile time: 1
INFO  : In order to change the average load for a reducer (in bytes):
INFO  :   set hive.exec.reducers.bytes.per.reducer=<number>
INFO  : In order to limit the maximum number of reducers:
INFO  :   set hive.exec.reducers.max=<number>
INFO  : In order to set a constant number of reducers:
INFO  :   set mapreduce.job.reduces=<number>
INFO  : number of splits:2
INFO  : Submitting tokens for job: job_1541737235880_6660
INFO  : Kind: HDFS_DELEGATION_TOKEN, Service: ha-hdfs:nameservice1, Ident: (token for hive: HDFS_DELEGATION_TOKEN owner=hive/edlhiveqa.jnj.com@JNJ.COM, renewer=yarn, realUser=, issueDate=1541858391582, maxDate=1542463191582, sequenceNumber=134961, masterKeyId=70)
INFO  : Kind: kms-dt, Service: 10.38.174.101:16000, Ident: (kms-dt owner=hive, renewer=yarn, realUser=, issueDate=1541858391593, maxDate=1542463191593, sequenceNumber=134520, masterKeyId=44)
INFO  : The url to track the job: https://itsusralsp07937.jnj.com:8090/proxy/application_1541737235880_6660/
INFO  : Starting Job = job_1541737235880_6660, Tracking URL = https://itsusralsp07937.jnj.com:8090/proxy/application_1541737235880_6660/
INFO  : Kill Command = /opt/cloudera/parcels/CDH-5.11.2-1.cdh5.11.2.p0.4/lib/hadoop/bin/hadoop job  -kill job_1541737235880_6660
INFO  : Hadoop job information for Stage-1: number of mappers: 2; number of reducers: 1
INFO  : 2018-11-10 08:59:58,907 Stage-1 map = 0%,  reduce = 0%
INFO  : 2018-11-10 09:00:09,217 Stage-1 map = 50%,  reduce = 0%, Cumulative CPU 6.47 sec
INFO  : 2018-11-10 09:00:11,266 Stage-1 map = 100%,  reduce = 0%, Cumulative CPU 14.71 sec
INFO  : 2018-11-10 09:00:19,487 Stage-1 map = 100%,  reduce = 100%, Cumulative CPU 17.12 sec
INFO  : MapReduce Total cumulative CPU time: 17 seconds 120 msec
INFO  : Ended Job = job_1541737235880_6660
INFO  : MapReduce Jobs Launched: 
INFO  : Stage-Stage-1: Map: 2  Reduce: 1   Cumulative CPU: 17.12 sec   HDFS Read: 217299643 HDFS Write: 7 SUCCESS
INFO  : Total MapReduce CPU Time Spent: 17 seconds 120 msec
INFO  : Completed executing command(queryId=hive_20181110085959_4899d3d7-d01f-4a79-bc7f-28630f15583e); Time taken: 29.082 seconds
INFO  : OK
1 row selected (29.411 seconds)
Beeline version 1.1.0-cdh5.11.2 by Apache Hive
Closing: 0: jdbc:hive2://edlhiveqa.jnj.com:10000/default;principal=hive/edlhiveqa.jnj.com@NA.JNJ.COM
------------------------------------------------------------------------
11/10/18 09:00:20 : Total stage records: 524009
------------------------------------------------------------------------
------------------------------------------------------------------------
11/10/18 09:00:20 : call the partition core table creation method
------------------------------------------------------------------------
------------------------------------------------------------------------
11/10/18 09:00:20 : Fetching the count of years value from stage table
------------------------------------------------------------------------
------------------------------------------------------------------------
11/10/18 09:00:20 : Trying to connect to HIve beeline server for the 0 time
------------------------------------------------------------------------
Java HotSpot(TM) 64-Bit Server VM warning: ignoring option MaxPermSize=512M; support was removed in 8.0
Java HotSpot(TM) 64-Bit Server VM warning: Using incremental CMS is deprecated and will likely be removed in a future release
Java HotSpot(TM) 64-Bit Server VM warning: ignoring option MaxPermSize=512M; support was removed in 8.0
scan complete in 1ms
Connecting to jdbc:hive2://edlhiveqa.jnj.com:10000/default;principal=hive/edlhiveqa.jnj.com@NA.JNJ.COM
Connected to: Apache Hive (version 1.1.0-cdh5.11.2)
Driver: Hive JDBC (version 1.1.0-cdh5.11.2)
Transaction isolation: TRANSACTION_REPEATABLE_READ
INFO  : Compiling command(queryId=hive_20181110090000_6667b837-37cd-464e-904d-4a884c186d5e): select count(distinct year) from sc_p_con_stg.transpose_dtv_full_mapping_flow_stg
INFO  : Semantic Analysis Completed
INFO  : Returning Hive schema: Schema(fieldSchemas:[FieldSchema(name:_c0, type:bigint, comment:null)], properties:null)
INFO  : Completed compiling command(queryId=hive_20181110090000_6667b837-37cd-464e-904d-4a884c186d5e); Time taken: 0.11 seconds
INFO  : Executing command(queryId=hive_20181110090000_6667b837-37cd-464e-904d-4a884c186d5e): select count(distinct year) from sc_p_con_stg.transpose_dtv_full_mapping_flow_stg
INFO  : Query ID = hive_20181110090000_6667b837-37cd-464e-904d-4a884c186d5e
INFO  : Total jobs = 1
INFO  : Launching Job 1 out of 1
INFO  : Starting task [Stage-1:MAPRED] in serial mode
INFO  : Number of reduce tasks determined at compile time: 1
INFO  : In order to change the average load for a reducer (in bytes):
INFO  :   set hive.exec.reducers.bytes.per.reducer=<number>
INFO  : In order to limit the maximum number of reducers:
INFO  :   set hive.exec.reducers.max=<number>
INFO  : In order to set a constant number of reducers:
INFO  :   set mapreduce.job.reduces=<number>
INFO  : number of splits:2
INFO  : Submitting tokens for job: job_1541737235880_6664
INFO  : Kind: HDFS_DELEGATION_TOKEN, Service: ha-hdfs:nameservice1, Ident: (token for hive: HDFS_DELEGATION_TOKEN owner=hive/edlhiveqa.jnj.com@JNJ.COM, renewer=yarn, realUser=, issueDate=1541858424577, maxDate=1542463224577, sequenceNumber=134968, masterKeyId=70)
INFO  : Kind: kms-dt, Service: 10.38.174.101:16000, Ident: (kms-dt owner=hive, renewer=yarn, realUser=, issueDate=1541858424592, maxDate=1542463224592, sequenceNumber=134527, masterKeyId=44)
INFO  : The url to track the job: https://itsusralsp07937.jnj.com:8090/proxy/application_1541737235880_6664/
INFO  : Starting Job = job_1541737235880_6664, Tracking URL = https://itsusralsp07937.jnj.com:8090/proxy/application_1541737235880_6664/
INFO  : Kill Command = /opt/cloudera/parcels/CDH-5.11.2-1.cdh5.11.2.p0.4/lib/hadoop/bin/hadoop job  -kill job_1541737235880_6664
INFO  : Hadoop job information for Stage-1: number of mappers: 2; number of reducers: 1
INFO  : 2018-11-10 09:00:31,973 Stage-1 map = 0%,  reduce = 0%
INFO  : 2018-11-10 09:00:42,247 Stage-1 map = 50%,  reduce = 0%, Cumulative CPU 7.05 sec
INFO  : 2018-11-10 09:00:44,297 Stage-1 map = 100%,  reduce = 0%, Cumulative CPU 15.76 sec
INFO  : 2018-11-10 09:00:51,521 Stage-1 map = 100%,  reduce = 100%, Cumulative CPU 18.32 sec
INFO  : MapReduce Total cumulative CPU time: 18 seconds 320 msec
INFO  : Ended Job = job_1541737235880_6664
INFO  : MapReduce Jobs Launched: 
INFO  : Stage-Stage-1: Map: 2  Reduce: 1   Cumulative CPU: 18.32 sec   HDFS Read: 217300025 HDFS Write: 2 SUCCESS
INFO  : Total MapReduce CPU Time Spent: 18 seconds 320 msec
INFO  : Completed executing command(queryId=hive_20181110090000_6667b837-37cd-464e-904d-4a884c186d5e); Time taken: 28.139 seconds
INFO  : OK
1 row selected (28.36 seconds)
Beeline version 1.1.0-cdh5.11.2 by Apache Hive
Closing: 0: jdbc:hive2://edlhiveqa.jnj.com:10000/default;principal=hive/edlhiveqa.jnj.com@NA.JNJ.COM
------------------------------------------------------------------------
11/10/18 09:00:52 : Records available for count of Years : 1
------------------------------------------------------------------------
------------------------------------------------------------------------
11/10/18 09:00:52 : Fetching the year value from stage table
------------------------------------------------------------------------
------------------------------------------------------------------------
11/10/18 09:00:52 : Trying to connect to HIve beeline server for the 0 time
------------------------------------------------------------------------
Java HotSpot(TM) 64-Bit Server VM warning: ignoring option MaxPermSize=512M; support was removed in 8.0
Java HotSpot(TM) 64-Bit Server VM warning: Using incremental CMS is deprecated and will likely be removed in a future release
Java HotSpot(TM) 64-Bit Server VM warning: ignoring option MaxPermSize=512M; support was removed in 8.0
scan complete in 2ms
Connecting to jdbc:hive2://edlhiveqa.jnj.com:10000/default;principal=hive/edlhiveqa.jnj.com@NA.JNJ.COM
Connected to: Apache Hive (version 1.1.0-cdh5.11.2)
Driver: Hive JDBC (version 1.1.0-cdh5.11.2)
Transaction isolation: TRANSACTION_REPEATABLE_READ
INFO  : Compiling command(queryId=hive_20181110090000_3dd92260-5c8d-4f61-87b5-9b4307d7bb6d): select distinct year from sc_p_con_stg.transpose_dtv_full_mapping_flow_stg
INFO  : Semantic Analysis Completed
INFO  : Returning Hive schema: Schema(fieldSchemas:[FieldSchema(name:year, type:string, comment:null)], properties:null)
INFO  : Completed compiling command(queryId=hive_20181110090000_3dd92260-5c8d-4f61-87b5-9b4307d7bb6d); Time taken: 0.119 seconds
INFO  : Executing command(queryId=hive_20181110090000_3dd92260-5c8d-4f61-87b5-9b4307d7bb6d): select distinct year from sc_p_con_stg.transpose_dtv_full_mapping_flow_stg
INFO  : Query ID = hive_20181110090000_3dd92260-5c8d-4f61-87b5-9b4307d7bb6d
INFO  : Total jobs = 1
INFO  : Launching Job 1 out of 1
INFO  : Starting task [Stage-1:MAPRED] in serial mode
INFO  : Number of reduce tasks not specified. Estimated from input data size: 4
INFO  : In order to change the average load for a reducer (in bytes):
INFO  :   set hive.exec.reducers.bytes.per.reducer=<number>
INFO  : In order to limit the maximum number of reducers:
INFO  :   set hive.exec.reducers.max=<number>
INFO  : In order to set a constant number of reducers:
INFO  :   set mapreduce.job.reduces=<number>
INFO  : number of splits:2
INFO  : Submitting tokens for job: job_1541737235880_6674
INFO  : Kind: HDFS_DELEGATION_TOKEN, Service: ha-hdfs:nameservice1, Ident: (token for hive: HDFS_DELEGATION_TOKEN owner=hive/edlhiveqa.jnj.com@JNJ.COM, renewer=yarn, realUser=, issueDate=1541858457195, maxDate=1542463257195, sequenceNumber=134980, masterKeyId=70)
INFO  : Kind: kms-dt, Service: 10.38.174.101:16000, Ident: (kms-dt owner=hive, renewer=yarn, realUser=, issueDate=1541858457206, maxDate=1542463257206, sequenceNumber=134539, masterKeyId=44)
INFO  : The url to track the job: https://itsusralsp07937.jnj.com:8090/proxy/application_1541737235880_6674/
INFO  : Starting Job = job_1541737235880_6674, Tracking URL = https://itsusralsp07937.jnj.com:8090/proxy/application_1541737235880_6674/
INFO  : Kill Command = /opt/cloudera/parcels/CDH-5.11.2-1.cdh5.11.2.p0.4/lib/hadoop/bin/hadoop job  -kill job_1541737235880_6674
INFO  : Hadoop job information for Stage-1: number of mappers: 2; number of reducers: 4
INFO  : 2018-11-10 09:01:06,267 Stage-1 map = 0%,  reduce = 0%
INFO  : 2018-11-10 09:01:15,526 Stage-1 map = 50%,  reduce = 0%, Cumulative CPU 6.33 sec
INFO  : 2018-11-10 09:01:17,577 Stage-1 map = 100%,  reduce = 0%, Cumulative CPU 14.34 sec
INFO  : 2018-11-10 09:01:25,796 Stage-1 map = 100%,  reduce = 100%, Cumulative CPU 25.21 sec
INFO  : MapReduce Total cumulative CPU time: 25 seconds 210 msec
INFO  : Ended Job = job_1541737235880_6674
INFO  : MapReduce Jobs Launched: 
INFO  : Stage-Stage-1: Map: 2  Reduce: 4   Cumulative CPU: 25.21 sec   HDFS Read: 217312969 HDFS Write: 5 SUCCESS
INFO  : Total MapReduce CPU Time Spent: 25 seconds 210 msec
INFO  : Completed executing command(queryId=hive_20181110090000_3dd92260-5c8d-4f61-87b5-9b4307d7bb6d); Time taken: 29.779 seconds
INFO  : OK
1 row selected (30 seconds)
Beeline version 1.1.0-cdh5.11.2 by Apache Hive
Closing: 0: jdbc:hive2://edlhiveqa.jnj.com:10000/default;principal=hive/edlhiveqa.jnj.com@NA.JNJ.COM
------------------------------------------------------------------------
11/10/18 09:01:27 : Records available for Year : 2018
------------------------------------------------------------------------
------------------------------------------------------------------------
11/10/18 09:01:27 : Check for the core table exists or not
------------------------------------------------------------------------
------------------------------------------------------------------------
11/10/18 09:01:27 : Trying to connect to HIve beeline server for the 0 time
------------------------------------------------------------------------
Java HotSpot(TM) 64-Bit Server VM warning: ignoring option MaxPermSize=512M; support was removed in 8.0
Java HotSpot(TM) 64-Bit Server VM warning: Using incremental CMS is deprecated and will likely be removed in a future release
Java HotSpot(TM) 64-Bit Server VM warning: ignoring option MaxPermSize=512M; support was removed in 8.0
scan complete in 2ms
Connecting to jdbc:hive2://edlhiveqa.jnj.com:10000/default;principal=hive/edlhiveqa.jnj.com@NA.JNJ.COM
Connected to: Apache Hive (version 1.1.0-cdh5.11.2)
Driver: Hive JDBC (version 1.1.0-cdh5.11.2)
Transaction isolation: TRANSACTION_REPEATABLE_READ
INFO  : Compiling command(queryId=hive_20181110090101_1e55d0b4-fdb2-4fa0-aad6-36fa8f5b63ac): show tables in sc_p_con_core like 'transpose_dtv_full_mapping_flow_core'
INFO  : Semantic Analysis Completed
INFO  : Returning Hive schema: Schema(fieldSchemas:[FieldSchema(name:tab_name, type:string, comment:from deserializer)], properties:null)
INFO  : Completed compiling command(queryId=hive_20181110090101_1e55d0b4-fdb2-4fa0-aad6-36fa8f5b63ac); Time taken: 0.065 seconds
INFO  : Executing command(queryId=hive_20181110090101_1e55d0b4-fdb2-4fa0-aad6-36fa8f5b63ac): show tables in sc_p_con_core like 'transpose_dtv_full_mapping_flow_core'
INFO  : Starting task [Stage-0:DDL] in serial mode
INFO  : Completed executing command(queryId=hive_20181110090101_1e55d0b4-fdb2-4fa0-aad6-36fa8f5b63ac); Time taken: 0.089 seconds
INFO  : OK
1 row selected (0.261 seconds)
Beeline version 1.1.0-cdh5.11.2 by Apache Hive
Closing: 0: jdbc:hive2://edlhiveqa.jnj.com:10000/default;principal=hive/edlhiveqa.jnj.com@NA.JNJ.COM
------------------------------------------------------------------------
11/10/18 09:01:31 : Core table is available, so calling retention method
------------------------------------------------------------------------
------------------------------------------------------------------------
11/10/18 09:01:31 : Trying to connect to HIve beeline server for the 0 time
------------------------------------------------------------------------
Java HotSpot(TM) 64-Bit Server VM warning: ignoring option MaxPermSize=512M; support was removed in 8.0
Java HotSpot(TM) 64-Bit Server VM warning: Using incremental CMS is deprecated and will likely be removed in a future release
Java HotSpot(TM) 64-Bit Server VM warning: ignoring option MaxPermSize=512M; support was removed in 8.0
scan complete in 2ms
Connecting to jdbc:hive2://edlhiveqa.jnj.com:10000/default;principal=hive/edlhiveqa.jnj.com@NA.JNJ.COM
Connected to: Apache Hive (version 1.1.0-cdh5.11.2)
Driver: Hive JDBC (version 1.1.0-cdh5.11.2)
Transaction isolation: TRANSACTION_REPEATABLE_READ
INFO  : Compiling command(queryId=hive_20181110090101_1b8464c3-bfbf-4079-840a-ebadb7f7c30f): select min(year) from sc_p_con_core.transpose_dtv_full_mapping_flow_core
INFO  : Semantic Analysis Completed
INFO  : Returning Hive schema: Schema(fieldSchemas:[FieldSchema(name:_c0, type:int, comment:null)], properties:null)
INFO  : Completed compiling command(queryId=hive_20181110090101_1b8464c3-bfbf-4079-840a-ebadb7f7c30f); Time taken: 0.13 seconds
INFO  : Executing command(queryId=hive_20181110090101_1b8464c3-bfbf-4079-840a-ebadb7f7c30f): select min(year) from sc_p_con_core.transpose_dtv_full_mapping_flow_core
INFO  : Query ID = hive_20181110090101_1b8464c3-bfbf-4079-840a-ebadb7f7c30f
INFO  : Total jobs = 1
INFO  : Launching Job 1 out of 1
INFO  : Starting task [Stage-1:MAPRED] in serial mode
INFO  : Number of reduce tasks determined at compile time: 1
INFO  : In order to change the average load for a reducer (in bytes):
INFO  :   set hive.exec.reducers.bytes.per.reducer=<number>
INFO  : In order to limit the maximum number of reducers:
INFO  :   set hive.exec.reducers.max=<number>
INFO  : In order to set a constant number of reducers:
INFO  :   set mapreduce.job.reduces=<number>
INFO  : number of splits:2
INFO  : Submitting tokens for job: job_1541737235880_6681
INFO  : Kind: HDFS_DELEGATION_TOKEN, Service: ha-hdfs:nameservice1, Ident: (token for hive: HDFS_DELEGATION_TOKEN owner=hive/edlhiveqa.jnj.com@JNJ.COM, renewer=yarn, realUser=, issueDate=1541858496036, maxDate=1542463296036, sequenceNumber=134990, masterKeyId=70)
INFO  : Kind: kms-dt, Service: 10.38.174.101:16000, Ident: (kms-dt owner=hive, renewer=yarn, realUser=, issueDate=1541858496047, maxDate=1542463296047, sequenceNumber=134549, masterKeyId=44)
INFO  : The url to track the job: https://itsusralsp07937.jnj.com:8090/proxy/application_1541737235880_6681/
INFO  : Starting Job = job_1541737235880_6681, Tracking URL = https://itsusralsp07937.jnj.com:8090/proxy/application_1541737235880_6681/
INFO  : Kill Command = /opt/cloudera/parcels/CDH-5.11.2-1.cdh5.11.2.p0.4/lib/hadoop/bin/hadoop job  -kill job_1541737235880_6681
INFO  : Hadoop job information for Stage-1: number of mappers: 2; number of reducers: 1
INFO  : 2018-11-10 09:01:43,311 Stage-1 map = 0%,  reduce = 0%
INFO  : 2018-11-10 09:01:50,507 Stage-1 map = 100%,  reduce = 0%, Cumulative CPU 3.23 sec
INFO  : 2018-11-10 09:01:58,749 Stage-1 map = 100%,  reduce = 100%, Cumulative CPU 5.94 sec
INFO  : MapReduce Total cumulative CPU time: 5 seconds 940 msec
INFO  : Ended Job = job_1541737235880_6681
INFO  : MapReduce Jobs Launched: 
INFO  : Stage-Stage-1: Map: 2  Reduce: 1   Cumulative CPU: 5.94 sec   HDFS Read: 21021 HDFS Write: 5 SUCCESS
INFO  : Total MapReduce CPU Time Spent: 5 seconds 940 msec
INFO  : Completed executing command(queryId=hive_20181110090101_1b8464c3-bfbf-4079-840a-ebadb7f7c30f); Time taken: 24.942 seconds
INFO  : OK
1 row selected (25.196 seconds)
Beeline version 1.1.0-cdh5.11.2 by Apache Hive
Closing: 0: jdbc:hive2://edlhiveqa.jnj.com:10000/default;principal=hive/edlhiveqa.jnj.com@NA.JNJ.COM
------------------------------------------------------------------------
11/10/18 09:02:01 : Minimum year value in core table sc_p_con_core.transpose_dtv_full_mapping_flow_core:2017 
------------------------------------------------------------------------
------------------------------------------------------------------------
11/10/18 09:02:01 : All data in core table is within the retention period
------------------------------------------------------------------------
------------------------------------------------------------------------
11/10/18 09:02:01 : Creating the new partitioned based on partition column on core table for loading data from stage table
------------------------------------------------------------------------
------------------------------------------------------------------------
11/10/18 09:02:01 : checking the partition is exists or not.If exists drop and recreate it else create the new one
------------------------------------------------------------------------
------------------------------------------------------------------------
11/10/18 09:02:01 : Trying to connect to HIve beeline server for the 0 time
------------------------------------------------------------------------
Java HotSpot(TM) 64-Bit Server VM warning: ignoring option MaxPermSize=512M; support was removed in 8.0
Java HotSpot(TM) 64-Bit Server VM warning: Using incremental CMS is deprecated and will likely be removed in a future release
Java HotSpot(TM) 64-Bit Server VM warning: ignoring option MaxPermSize=512M; support was removed in 8.0
scan complete in 1ms
Connecting to jdbc:hive2://edlhiveqa.jnj.com:10000/default;principal=hive/edlhiveqa.jnj.com@NA.JNJ.COM
Connected to: Apache Hive (version 1.1.0-cdh5.11.2)
Driver: Hive JDBC (version 1.1.0-cdh5.11.2)
Transaction isolation: TRANSACTION_REPEATABLE_READ
INFO  : Compiling command(queryId=hive_20181110090202_69807289-b30e-498e-992a-44ec76a4ff99): show partitions sc_p_con_core.transpose_dtv_full_mapping_flow_core
INFO  : Semantic Analysis Completed
INFO  : Returning Hive schema: Schema(fieldSchemas:[FieldSchema(name:partition, type:string, comment:from deserializer)], properties:null)
INFO  : Completed compiling command(queryId=hive_20181110090202_69807289-b30e-498e-992a-44ec76a4ff99); Time taken: 0.098 seconds
INFO  : Executing command(queryId=hive_20181110090202_69807289-b30e-498e-992a-44ec76a4ff99): show partitions sc_p_con_core.transpose_dtv_full_mapping_flow_core
INFO  : Starting task [Stage-0:DDL] in serial mode
INFO  : Completed executing command(queryId=hive_20181110090202_69807289-b30e-498e-992a-44ec76a4ff99); Time taken: 0.012 seconds
INFO  : OK
2 rows selected (0.211 seconds)
Beeline version 1.1.0-cdh5.11.2 by Apache Hive
Closing: 0: jdbc:hive2://edlhiveqa.jnj.com:10000/default;principal=hive/edlhiveqa.jnj.com@NA.JNJ.COM
------------------------------------------------------------------------
11/10/18 09:02:04 : query fetched all the partitions from table sc_p_con_core.transpose_dtv_full_mapping_flow_core 
------------------------------------------------------------------------
------------------------------------------------------------------------
11/10/18 09:02:04 : Partition exist for 2018 in core table.
------------------------------------------------------------------------
------------------------------------------------------------------------
11/10/18 09:02:04 : Trying to connect to HIve beeline server for the 0 time
------------------------------------------------------------------------
Java HotSpot(TM) 64-Bit Server VM warning: ignoring option MaxPermSize=512M; support was removed in 8.0
Java HotSpot(TM) 64-Bit Server VM warning: Using incremental CMS is deprecated and will likely be removed in a future release
Java HotSpot(TM) 64-Bit Server VM warning: ignoring option MaxPermSize=512M; support was removed in 8.0
scan complete in 1ms
Connecting to jdbc:hive2://edlhiveqa.jnj.com:10000/default;principal=hive/edlhiveqa.jnj.com@NA.JNJ.COM
Connected to: Apache Hive (version 1.1.0-cdh5.11.2)
Driver: Hive JDBC (version 1.1.0-cdh5.11.2)
Transaction isolation: TRANSACTION_REPEATABLE_READ
INFO  : Compiling command(queryId=hive_20181110090202_331457b6-974e-47d5-ba01-eb36bde67eb3): ALTER table sc_p_con_core.transpose_dtv_full_mapping_flow_core drop if exists partition(year=2018)
INFO  : Semantic Analysis Completed
INFO  : Returning Hive schema: Schema(fieldSchemas:null, properties:null)
INFO  : Completed compiling command(queryId=hive_20181110090202_331457b6-974e-47d5-ba01-eb36bde67eb3); Time taken: 0.1 seconds
INFO  : Executing command(queryId=hive_20181110090202_331457b6-974e-47d5-ba01-eb36bde67eb3): ALTER table sc_p_con_core.transpose_dtv_full_mapping_flow_core drop if exists partition(year=2018)
INFO  : Starting task [Stage-0:DDL] in serial mode
INFO  : Dropped the partition year=2018
INFO  : Completed executing command(queryId=hive_20181110090202_331457b6-974e-47d5-ba01-eb36bde67eb3); Time taken: 0.039 seconds
INFO  : OK
No rows affected (0.19 seconds)
Beeline version 1.1.0-cdh5.11.2 by Apache Hive
Closing: 0: jdbc:hive2://edlhiveqa.jnj.com:10000/default;principal=hive/edlhiveqa.jnj.com@NA.JNJ.COM
------------------------------------------------------------------------
11/10/18 09:02:08 : query dropped the existing partitions from table sc_p_con_core.transpose_dtv_full_mapping_flow_core 
------------------------------------------------------------------------
------------------------------------------------------------------------
11/10/18 09:02:08 : Insert data for new partition 2018 
------------------------------------------------------------------------
------------------------------------------------------------------------
11/10/18 09:02:08 :  SET mapreduce.reduce.memory.mb=4096;SET mapreduce.reduce.java.opts=-Xmx3072M;SET hive.exec.dynamic.partition=true; SET hive.exec.dynamic.partition.mode=nonstrict;insert into table sc_p_con_core.transpose_dtv_full_mapping_flow_core partition (year) select distinct index,Material,Location_Type,Location_Name,Level,end_dc,Vendor_Code,RPM_Material,Manufacturer,RPM_Manufacturing_Location,RPM_Material_Type,Mfg,city,ctry_desc,name,Lat,Lng,NO,Episode,Total,SubCon_Cost,Material_No,RPM_Material_Description,Finished_Good_Description,Variant_Description,Description_of_ptup,Brnd_desc,franchise,Path_ID,Detail_Loc_Name,Total_RPM_Cost,Cost_of_Level,Cost_Flow,End_Market,Selling_Country,year from sc_p_con_stg.transpose_dtv_full_mapping_flow_stg;ANALYZE TABLE sc_p_con_core.transpose_dtv_full_mapping_flow_core PARTITION (year) COMPUTE STATISTICS;
------------------------------------------------------------------------
------------------------------------------------------------------------
11/10/18 09:02:08 : Trying to connect to HIve beeline server for the 0 time
------------------------------------------------------------------------
Java HotSpot(TM) 64-Bit Server VM warning: ignoring option MaxPermSize=512M; support was removed in 8.0
Java HotSpot(TM) 64-Bit Server VM warning: Using incremental CMS is deprecated and will likely be removed in a future release
Java HotSpot(TM) 64-Bit Server VM warning: ignoring option MaxPermSize=512M; support was removed in 8.0
scan complete in 2ms
Connecting to jdbc:hive2://edlhiveqa.jnj.com:10000/default;principal=hive/edlhiveqa.jnj.com@NA.JNJ.COM
Connected to: Apache Hive (version 1.1.0-cdh5.11.2)
Driver: Hive JDBC (version 1.1.0-cdh5.11.2)
Transaction isolation: TRANSACTION_REPEATABLE_READ
No rows affected (0.04 seconds)
No rows affected (0.008 seconds)
No rows affected (0.005 seconds)
No rows affected (0.004 seconds)
INFO  : Compiling command(queryId=hive_20181110090202_53ee415c-108d-48c2-8f2d-3e7a0f338d81): insert into table sc_p_con_core.transpose_dtv_full_mapping_flow_core partition (year) select distinct index,Material,Location_Type,Location_Name,Level,end_dc,Vendor_Code,RPM_Material,Manufacturer,RPM_Manufacturing_Location,RPM_Material_Type,Mfg,city,ctry_desc,name,Lat,Lng,NO,Episode,Total,SubCon_Cost,Material_No,RPM_Material_Description,Finished_Good_Description,Variant_Description,Description_of_ptup,Brnd_desc,franchise,Path_ID,Detail_Loc_Name,Total_RPM_Cost,Cost_of_Level,Cost_Flow,End_Market,Selling_Country,year from sc_p_con_stg.transpose_dtv_full_mapping_flow_stg
INFO  : Semantic Analysis Completed
INFO  : Returning Hive schema: Schema(fieldSchemas:[FieldSchema(name:_col0, type:int, comment:null), FieldSchema(name:_col1, type:string, comment:null), FieldSchema(name:_col2, type:string, comment:null), FieldSchema(name:_col3, type:string, comment:null), FieldSchema(name:_col4, type:int, comment:null), FieldSchema(name:_col5, type:string, comment:null), FieldSchema(name:_col6, type:string, comment:null), FieldSchema(name:_col7, type:string, comment:null), FieldSchema(name:_col8, type:string, comment:null), FieldSchema(name:_col9, type:string, comment:null), FieldSchema(name:_col10, type:string, comment:null), FieldSchema(name:_col11, type:string, comment:null), FieldSchema(name:_col12, type:string, comment:null), FieldSchema(name:_col13, type:string, comment:null), FieldSchema(name:_col14, type:string, comment:null), FieldSchema(name:_col15, type:double, comment:null), FieldSchema(name:_col16, type:double, comment:null), FieldSchema(name:_col17, type:int, comment:null), FieldSchema(name:_col18, type:int, comment:null), FieldSchema(name:_col19, type:double, comment:null), FieldSchema(name:_col20, type:double, comment:null), FieldSchema(name:_col21, type:double, comment:null), FieldSchema(name:_col22, type:string, comment:null), FieldSchema(name:_col23, type:string, comment:null), FieldSchema(name:_col24, type:string, comment:null), FieldSchema(name:_col25, type:string, comment:null), FieldSchema(name:_col26, type:string, comment:null), FieldSchema(name:_col27, type:string, comment:null), FieldSchema(name:_col28, type:string, comment:null), FieldSchema(name:_col29, type:string, comment:null), FieldSchema(name:_col30, type:double, comment:null), FieldSchema(name:_col31, type:double, comment:null), FieldSchema(name:_col32, type:double, comment:null), FieldSchema(name:_col33, type:string, comment:null), FieldSchema(name:_col34, type:string, comment:null), FieldSchema(name:_col35, type:string, comment:null)], properties:null)
INFO  : Completed compiling command(queryId=hive_20181110090202_53ee415c-108d-48c2-8f2d-3e7a0f338d81); Time taken: 0.123 seconds
INFO  : Executing command(queryId=hive_20181110090202_53ee415c-108d-48c2-8f2d-3e7a0f338d81): insert into table sc_p_con_core.transpose_dtv_full_mapping_flow_core partition (year) select distinct index,Material,Location_Type,Location_Name,Level,end_dc,Vendor_Code,RPM_Material,Manufacturer,RPM_Manufacturing_Location,RPM_Material_Type,Mfg,city,ctry_desc,name,Lat,Lng,NO,Episode,Total,SubCon_Cost,Material_No,RPM_Material_Description,Finished_Good_Description,Variant_Description,Description_of_ptup,Brnd_desc,franchise,Path_ID,Detail_Loc_Name,Total_RPM_Cost,Cost_of_Level,Cost_Flow,End_Market,Selling_Country,year from sc_p_con_stg.transpose_dtv_full_mapping_flow_stg
INFO  : Query ID = hive_20181110090202_53ee415c-108d-48c2-8f2d-3e7a0f338d81
INFO  : Total jobs = 1
INFO  : Launching Job 1 out of 1
INFO  : Starting task [Stage-1:MAPRED] in serial mode
INFO  : Number of reduce tasks not specified. Estimated from input data size: 4
INFO  : In order to change the average load for a reducer (in bytes):
INFO  :   set hive.exec.reducers.bytes.per.reducer=<number>
INFO  : In order to limit the maximum number of reducers:
INFO  :   set hive.exec.reducers.max=<number>
INFO  : In order to set a constant number of reducers:
INFO  :   set mapreduce.job.reduces=<number>
INFO  : number of splits:2
INFO  : Submitting tokens for job: job_1541737235880_6685
INFO  : Kind: HDFS_DELEGATION_TOKEN, Service: ha-hdfs:nameservice1, Ident: (token for hive: HDFS_DELEGATION_TOKEN owner=hive/edlhiveqa.jnj.com@JNJ.COM, renewer=yarn, realUser=, issueDate=1541858532730, maxDate=1542463332730, sequenceNumber=134997, masterKeyId=70)
INFO  : Kind: kms-dt, Service: 10.38.174.101:16000, Ident: (kms-dt owner=hive, renewer=yarn, realUser=, issueDate=1541858532743, maxDate=1542463332743, sequenceNumber=134556, masterKeyId=44)
INFO  : The url to track the job: https://itsusralsp07937.jnj.com:8090/proxy/application_1541737235880_6685/
INFO  : Starting Job = job_1541737235880_6685, Tracking URL = https://itsusralsp07937.jnj.com:8090/proxy/application_1541737235880_6685/
INFO  : Kill Command = /opt/cloudera/parcels/CDH-5.11.2-1.cdh5.11.2.p0.4/lib/hadoop/bin/hadoop job  -kill job_1541737235880_6685
INFO  : Hadoop job information for Stage-1: number of mappers: 2; number of reducers: 4
INFO  : 2018-11-10 09:02:20,961 Stage-1 map = 0%,  reduce = 0%
INFO  : 2018-11-10 09:02:34,442 Stage-1 map = 50%,  reduce = 0%, Cumulative CPU 14.29 sec
INFO  : 2018-11-10 09:02:37,519 Stage-1 map = 100%,  reduce = 0%, Cumulative CPU 31.74 sec
INFO  : 2018-11-10 09:02:50,930 Stage-1 map = 100%,  reduce = 100%, Cumulative CPU 80.41 sec
INFO  : MapReduce Total cumulative CPU time: 1 minutes 20 seconds 410 msec
INFO  : Ended Job = job_1541737235880_6685
INFO  : Starting task [Stage-0:MOVE] in serial mode
INFO  : Loading data to table sc_p_con_core.transpose_dtv_full_mapping_flow_core partition (year=null) from hdfs://nameservice1/qa/edl/sdl/plan/con/str/sc_p_con_core/Transpose/core/full_mapping_flow/20181017192212/.hive-staging_hive_2018-11-10_09-02-12_466_1267963847372178484-745/-ext-10000
INFO  : 	 Time taken for load dynamic partitions : 61
INFO  : 	Loading partition {year=2018}
INFO  : 	 Time taken for adding to write entity : 0
INFO  : Starting task [Stage-2:STATS] in serial mode
INFO  : Partition sc_p_con_core.transpose_dtv_full_mapping_flow_core{year=2018} stats: [numFiles=4, numRows=524009, totalSize=25336271, rawDataSize=18340315]
INFO  : MapReduce Jobs Launched: 
INFO  : Stage-Stage-1: Map: 2  Reduce: 4   Cumulative CPU: 80.41 sec   HDFS Read: 217379911 HDFS Write: 25336771 SUCCESS
INFO  : Total MapReduce CPU Time Spent: 1 minutes 20 seconds 410 msec
INFO  : Completed executing command(queryId=hive_20181110090202_53ee415c-108d-48c2-8f2d-3e7a0f338d81); Time taken: 39.603 seconds
INFO  : OK
No rows affected (39.752 seconds)
INFO  : Compiling command(queryId=hive_20181110090202_d6e64ba5-fd21-432b-801e-35af25d86634): ANALYZE TABLE sc_p_con_core.transpose_dtv_full_mapping_flow_core PARTITION (year) COMPUTE STATISTICS
INFO  : Semantic Analysis Completed
INFO  : Returning Hive schema: Schema(fieldSchemas:[FieldSchema(name:sc_p_con_core.transpose_dtv_full_mapping_flow_core.index, type:int, comment:null), FieldSchema(name:sc_p_con_core.transpose_dtv_full_mapping_flow_core.material, type:string, comment:null), FieldSchema(name:sc_p_con_core.transpose_dtv_full_mapping_flow_core.location_type, type:string, comment:null), FieldSchema(name:sc_p_con_core.transpose_dtv_full_mapping_flow_core.location_name, type:string, comment:null), FieldSchema(name:sc_p_con_core.transpose_dtv_full_mapping_flow_core.level, type:int, comment:null), FieldSchema(name:sc_p_con_core.transpose_dtv_full_mapping_flow_core.end_dc, type:string, comment:null), FieldSchema(name:sc_p_con_core.transpose_dtv_full_mapping_flow_core.vendor_code, type:string, comment:null), FieldSchema(name:sc_p_con_core.transpose_dtv_full_mapping_flow_core.rpm_material, type:string, comment:null), FieldSchema(name:sc_p_con_core.transpose_dtv_full_mapping_flow_core.manufacturer, type:string, comment:null), FieldSchema(name:sc_p_con_core.transpose_dtv_full_mapping_flow_core.rpm_manufacturing_location, type:string, comment:null), FieldSchema(name:sc_p_con_core.transpose_dtv_full_mapping_flow_core.rpm_material_type, type:string, comment:null), FieldSchema(name:sc_p_con_core.transpose_dtv_full_mapping_flow_core.mfg, type:string, comment:null), FieldSchema(name:sc_p_con_core.transpose_dtv_full_mapping_flow_core.city, type:string, comment:null), FieldSchema(name:sc_p_con_core.transpose_dtv_full_mapping_flow_core.ctry_desc, type:string, comment:null), FieldSchema(name:sc_p_con_core.transpose_dtv_full_mapping_flow_core.name, type:string, comment:null), FieldSchema(name:sc_p_con_core.transpose_dtv_full_mapping_flow_core.lat, type:double, comment:null), FieldSchema(name:sc_p_con_core.transpose_dtv_full_mapping_flow_core.lng, type:double, comment:null), FieldSchema(name:sc_p_con_core.transpose_dtv_full_mapping_flow_core.no, type:int, comment:null), FieldSchema(name:sc_p_con_core.transpose_dtv_full_mapping_flow_core.episode, type:int, comment:null), FieldSchema(name:sc_p_con_core.transpose_dtv_full_mapping_flow_core.total, type:double, comment:null), FieldSchema(name:sc_p_con_core.transpose_dtv_full_mapping_flow_core.subcon_cost, type:double, comment:null), FieldSchema(name:sc_p_con_core.transpose_dtv_full_mapping_flow_core.material_no, type:double, comment:null), FieldSchema(name:sc_p_con_core.transpose_dtv_full_mapping_flow_core.rpm_material_description, type:string, comment:null), FieldSchema(name:sc_p_con_core.transpose_dtv_full_mapping_flow_core.finished_good_description, type:string, comment:null), FieldSchema(name:sc_p_con_core.transpose_dtv_full_mapping_flow_core.variant_description, type:string, comment:null), FieldSchema(name:sc_p_con_core.transpose_dtv_full_mapping_flow_core.description_of_ptup, type:string, comment:null), FieldSchema(name:sc_p_con_core.transpose_dtv_full_mapping_flow_core.brnd_desc, type:string, comment:null), FieldSchema(name:sc_p_con_core.transpose_dtv_full_mapping_flow_core.franchise, type:string, comment:null), FieldSchema(name:sc_p_con_core.transpose_dtv_full_mapping_flow_core.path_id, type:string, comment:null), FieldSchema(name:sc_p_con_core.transpose_dtv_full_mapping_flow_core.detail_loc_name, type:string, comment:null), FieldSchema(name:sc_p_con_core.transpose_dtv_full_mapping_flow_core.total_rpm_cost, type:double, comment:null), FieldSchema(name:sc_p_con_core.transpose_dtv_full_mapping_flow_core.cost_of_level, type:double, comment:null), FieldSchema(name:sc_p_con_core.transpose_dtv_full_mapping_flow_core.cost_flow, type:double, comment:null), FieldSchema(name:sc_p_con_core.transpose_dtv_full_mapping_flow_core.end_market, type:string, comment:null), FieldSchema(name:sc_p_con_core.transpose_dtv_full_mapping_flow_core.selling_country, type:string, comment:null), FieldSchema(name:sc_p_con_core.transpose_dtv_full_mapping_flow_core.year, type:int, comment:null)], properties:null)
INFO  : Completed compiling command(queryId=hive_20181110090202_d6e64ba5-fd21-432b-801e-35af25d86634); Time taken: 0.154 seconds
INFO  : Executing command(queryId=hive_20181110090202_d6e64ba5-fd21-432b-801e-35af25d86634): ANALYZE TABLE sc_p_con_core.transpose_dtv_full_mapping_flow_core PARTITION (year) COMPUTE STATISTICS
INFO  : Query ID = hive_20181110090202_d6e64ba5-fd21-432b-801e-35af25d86634
INFO  : Total jobs = 1
INFO  : Launching Job 1 out of 1
INFO  : Starting task [Stage-0:MAPRED] in serial mode
INFO  : Number of reduce tasks is set to 0 since there's no reduce operator
INFO  : number of splits:4
INFO  : Submitting tokens for job: job_1541737235880_6695
INFO  : Kind: HDFS_DELEGATION_TOKEN, Service: ha-hdfs:nameservice1, Ident: (token for hive: HDFS_DELEGATION_TOKEN owner=hive/edlhiveqa.jnj.com@JNJ.COM, renewer=yarn, realUser=, issueDate=1541858572670, maxDate=1542463372670, sequenceNumber=135005, masterKeyId=70)
INFO  : Kind: kms-dt, Service: 10.38.174.101:16000, Ident: (kms-dt owner=hive, renewer=yarn, realUser=, issueDate=1541858572682, maxDate=1542463372682, sequenceNumber=134564, masterKeyId=44)
INFO  : The url to track the job: https://itsusralsp07937.jnj.com:8090/proxy/application_1541737235880_6695/
INFO  : Starting Job = job_1541737235880_6695, Tracking URL = https://itsusralsp07937.jnj.com:8090/proxy/application_1541737235880_6695/
INFO  : Kill Command = /opt/cloudera/parcels/CDH-5.11.2-1.cdh5.11.2.p0.4/lib/hadoop/bin/hadoop job  -kill job_1541737235880_6695
INFO  : Hadoop job information for Stage-0: number of mappers: 4; number of reducers: 0
INFO  : 2018-11-10 09:03:00,979 Stage-0 map = 0%,  reduce = 0%
INFO  : 2018-11-10 09:03:10,261 Stage-0 map = 25%,  reduce = 0%, Cumulative CPU 4.73 sec
INFO  : 2018-11-10 09:03:11,299 Stage-0 map = 100%,  reduce = 0%, Cumulative CPU 24.14 sec
INFO  : MapReduce Total cumulative CPU time: 24 seconds 140 msec
INFO  : Ended Job = job_1541737235880_6695
INFO  : Starting task [Stage-1:STATS] in serial mode
INFO  : Partition sc_p_con_core.transpose_dtv_full_mapping_flow_core{year=2017} stats: [numFiles=4, numRows=568189, totalSize=27102770, rawDataSize=20454804]
INFO  : Partition sc_p_con_core.transpose_dtv_full_mapping_flow_core{year=2018} stats: [numFiles=4, numRows=524009, totalSize=25336271, rawDataSize=18864324]
INFO  : MapReduce Jobs Launched: 
INFO  : Stage-Stage-0: Map: 4   Cumulative CPU: 24.14 sec   HDFS Read: 52489143 HDFS Write: 590 SUCCESS
INFO  : Total MapReduce CPU Time Spent: 24 seconds 140 msec
INFO  : Completed executing command(queryId=hive_20181110090202_d6e64ba5-fd21-432b-801e-35af25d86634); Time taken: 19.843 seconds
INFO  : OK
No rows affected (20.18 seconds)
Beeline version 1.1.0-cdh5.11.2 by Apache Hive
Closing: 0: jdbc:hive2://edlhiveqa.jnj.com:10000/default;principal=hive/edlhiveqa.jnj.com@NA.JNJ.COM
------------------------------------------------------------------------
11/10/18 09:03:12 : query executed to insert data for new partition on table sc_p_con_core.transpose_dtv_full_mapping_flow_core 
------------------------------------------------------------------------
------------------------------------------------------------------------
11/10/18 09:03:12 : Trying to connect to Impala server for the 0 time
------------------------------------------------------------------------
Starting Impala Shell using Kerberos authentication
Using service name 'impala'
SSL is enabled
Connected to edlimpalaqa.jnj.com:21000
Server version: impalad version 2.8.0-cdh5.11.2 RELEASE (build f89269c4b96da14a841e94bdf6d4d48821b0d658)
Query: invalidate metadata sc_p_con_core.transpose_dtv_full_mapping_flow_core
Query submitted at: 2018-11-10 09:03:12 (Coordinator: https://ITSUSRALSP07945:25000)
Query progress can be monitored at: https://ITSUSRALSP07945:25000/query_plan?query_id=b4423076347478fb:bf61e2b800000000
Fetched 0 row(s) in 0.92s
------------------------------------------------------------------------
11/10/18 09:03:13 : Core table sc_p_con_core.transpose_dtv_full_mapping_flow_core with new partition for file full_mapping_flow created successfully
------------------------------------------------------------------------
------------------------------------------------------------------------
11/10/18 09:03:13 : Trying to connect to HIve beeline server for the 0 time
------------------------------------------------------------------------
Java HotSpot(TM) 64-Bit Server VM warning: ignoring option MaxPermSize=512M; support was removed in 8.0
Java HotSpot(TM) 64-Bit Server VM warning: Using incremental CMS is deprecated and will likely be removed in a future release
Java HotSpot(TM) 64-Bit Server VM warning: ignoring option MaxPermSize=512M; support was removed in 8.0
scan complete in 2ms
Connecting to jdbc:hive2://edlhiveqa.jnj.com:10000/default;principal=hive/edlhiveqa.jnj.com@NA.JNJ.COM
Connected to: Apache Hive (version 1.1.0-cdh5.11.2)
Driver: Hive JDBC (version 1.1.0-cdh5.11.2)
Transaction isolation: TRANSACTION_REPEATABLE_READ
INFO  : Compiling command(queryId=hive_20181110090303_8b82627a-82b6-449f-9b50-863bd1f1c90c): select count(*) from sc_p_con_core.transpose_dtv_full_mapping_flow_core where year=2018
INFO  : Semantic Analysis Completed
INFO  : Returning Hive schema: Schema(fieldSchemas:[FieldSchema(name:_c0, type:bigint, comment:null)], properties:null)
INFO  : Completed compiling command(queryId=hive_20181110090303_8b82627a-82b6-449f-9b50-863bd1f1c90c); Time taken: 0.128 seconds
INFO  : Executing command(queryId=hive_20181110090303_8b82627a-82b6-449f-9b50-863bd1f1c90c): select count(*) from sc_p_con_core.transpose_dtv_full_mapping_flow_core where year=2018
INFO  : Query ID = hive_20181110090303_8b82627a-82b6-449f-9b50-863bd1f1c90c
INFO  : Total jobs = 1
INFO  : Launching Job 1 out of 1
INFO  : Starting task [Stage-1:MAPRED] in serial mode
INFO  : Number of reduce tasks determined at compile time: 1
INFO  : In order to change the average load for a reducer (in bytes):
INFO  :   set hive.exec.reducers.bytes.per.reducer=<number>
INFO  : In order to limit the maximum number of reducers:
INFO  :   set hive.exec.reducers.max=<number>
INFO  : In order to set a constant number of reducers:
INFO  :   set mapreduce.job.reduces=<number>
INFO  : number of splits:3
INFO  : Submitting tokens for job: job_1541737235880_6697
INFO  : Kind: HDFS_DELEGATION_TOKEN, Service: ha-hdfs:nameservice1, Ident: (token for hive: HDFS_DELEGATION_TOKEN owner=hive/edlhiveqa.jnj.com@JNJ.COM, renewer=yarn, realUser=, issueDate=1541858597777, maxDate=1542463397777, sequenceNumber=135008, masterKeyId=70)
INFO  : Kind: kms-dt, Service: 10.38.174.101:16000, Ident: (kms-dt owner=hive, renewer=yarn, realUser=, issueDate=1541858597788, maxDate=1542463397788, sequenceNumber=134567, masterKeyId=44)
INFO  : The url to track the job: https://itsusralsp07937.jnj.com:8090/proxy/application_1541737235880_6697/
INFO  : Starting Job = job_1541737235880_6697, Tracking URL = https://itsusralsp07937.jnj.com:8090/proxy/application_1541737235880_6697/
INFO  : Kill Command = /opt/cloudera/parcels/CDH-5.11.2-1.cdh5.11.2.p0.4/lib/hadoop/bin/hadoop job  -kill job_1541737235880_6697
INFO  : Hadoop job information for Stage-1: number of mappers: 3; number of reducers: 1
INFO  : 2018-11-10 09:03:26,024 Stage-1 map = 0%,  reduce = 0%
INFO  : 2018-11-10 09:03:33,225 Stage-1 map = 67%,  reduce = 0%, Cumulative CPU 11.02 sec
INFO  : 2018-11-10 09:03:34,256 Stage-1 map = 100%,  reduce = 0%, Cumulative CPU 17.15 sec
INFO  : 2018-11-10 09:03:42,477 Stage-1 map = 100%,  reduce = 100%, Cumulative CPU 19.98 sec
INFO  : MapReduce Total cumulative CPU time: 19 seconds 980 msec
INFO  : Ended Job = job_1541737235880_6697
INFO  : MapReduce Jobs Launched: 
INFO  : Stage-Stage-1: Map: 3  Reduce: 1   Cumulative CPU: 19.98 sec   HDFS Read: 25393160 HDFS Write: 7 SUCCESS
INFO  : Total MapReduce CPU Time Spent: 19 seconds 980 msec
INFO  : Completed executing command(queryId=hive_20181110090303_8b82627a-82b6-449f-9b50-863bd1f1c90c); Time taken: 25.871 seconds
INFO  : OK
1 row selected (26.103 seconds)
Beeline version 1.1.0-cdh5.11.2 by Apache Hive
Closing: 0: jdbc:hive2://edlhiveqa.jnj.com:10000/default;principal=hive/edlhiveqa.jnj.com@NA.JNJ.COM
------------------------------------------------------------------------
11/10/18 09:03:43 : Total core records: 524009
------------------------------------------------------------------------
------------------------------------------------------------------------
11/10/18 09:03:43 : Creating managed table to send tableau team to opearate on data
------------------------------------------------------------------------
------------------------------------------------------------------------
11/10/18 09:03:43 : One year records to be needed for tableau reporting
------------------------------------------------------------------------
------------------------------------------------------------------------
11/10/18 09:03:43 : Trying to connect to HIve beeline server for the 0 time
------------------------------------------------------------------------
Java HotSpot(TM) 64-Bit Server VM warning: ignoring option MaxPermSize=512M; support was removed in 8.0
Java HotSpot(TM) 64-Bit Server VM warning: Using incremental CMS is deprecated and will likely be removed in a future release
Java HotSpot(TM) 64-Bit Server VM warning: ignoring option MaxPermSize=512M; support was removed in 8.0
scan complete in 2ms
Connecting to jdbc:hive2://edlhiveqa.jnj.com:10000/default;principal=hive/edlhiveqa.jnj.com@NA.JNJ.COM
Connected to: Apache Hive (version 1.1.0-cdh5.11.2)
Driver: Hive JDBC (version 1.1.0-cdh5.11.2)
Transaction isolation: TRANSACTION_REPEATABLE_READ
No rows affected (0.041 seconds)
No rows affected (0.005 seconds)
No rows affected (0.004 seconds)
No rows affected (0.004 seconds)
INFO  : Compiling command(queryId=hive_20181110090303_e17e1413-fc8a-4640-be02-31c2b220f74a): drop table if exists sc_p_con_core.transpose_dtv_full_mapping_flow_current_year_core
INFO  : Semantic Analysis Completed
INFO  : Returning Hive schema: Schema(fieldSchemas:null, properties:null)
INFO  : Completed compiling command(queryId=hive_20181110090303_e17e1413-fc8a-4640-be02-31c2b220f74a); Time taken: 0.095 seconds
INFO  : Executing command(queryId=hive_20181110090303_e17e1413-fc8a-4640-be02-31c2b220f74a): drop table if exists sc_p_con_core.transpose_dtv_full_mapping_flow_current_year_core
INFO  : Starting task [Stage-0:DDL] in serial mode
INFO  : Completed executing command(queryId=hive_20181110090303_e17e1413-fc8a-4640-be02-31c2b220f74a); Time taken: 0.035 seconds
INFO  : OK
No rows affected (0.148 seconds)
INFO  : Compiling command(queryId=hive_20181110090303_60358492-1237-48f0-9cd3-860aefb2d1a0): create table if not exists sc_p_con_core.transpose_dtv_full_mapping_flow_current_year_core stored as parquet as select * from sc_p_con_core.transpose_dtv_full_mapping_flow_core where year=2018
INFO  : Semantic Analysis Completed
INFO  : Returning Hive schema: Schema(fieldSchemas:[FieldSchema(name:transpose_dtv_full_mapping_flow_core.index, type:int, comment:null), FieldSchema(name:transpose_dtv_full_mapping_flow_core.material, type:string, comment:null), FieldSchema(name:transpose_dtv_full_mapping_flow_core.location_type, type:string, comment:null), FieldSchema(name:transpose_dtv_full_mapping_flow_core.location_name, type:string, comment:null), FieldSchema(name:transpose_dtv_full_mapping_flow_core.level, type:int, comment:null), FieldSchema(name:transpose_dtv_full_mapping_flow_core.end_dc, type:string, comment:null), FieldSchema(name:transpose_dtv_full_mapping_flow_core.vendor_code, type:string, comment:null), FieldSchema(name:transpose_dtv_full_mapping_flow_core.rpm_material, type:string, comment:null), FieldSchema(name:transpose_dtv_full_mapping_flow_core.manufacturer, type:string, comment:null), FieldSchema(name:transpose_dtv_full_mapping_flow_core.rpm_manufacturing_location, type:string, comment:null), FieldSchema(name:transpose_dtv_full_mapping_flow_core.rpm_material_type, type:string, comment:null), FieldSchema(name:transpose_dtv_full_mapping_flow_core.mfg, type:string, comment:null), FieldSchema(name:transpose_dtv_full_mapping_flow_core.city, type:string, comment:null), FieldSchema(name:transpose_dtv_full_mapping_flow_core.ctry_desc, type:string, comment:null), FieldSchema(name:transpose_dtv_full_mapping_flow_core.name, type:string, comment:null), FieldSchema(name:transpose_dtv_full_mapping_flow_core.lat, type:double, comment:null), FieldSchema(name:transpose_dtv_full_mapping_flow_core.lng, type:double, comment:null), FieldSchema(name:transpose_dtv_full_mapping_flow_core.no, type:int, comment:null), FieldSchema(name:transpose_dtv_full_mapping_flow_core.episode, type:int, comment:null), FieldSchema(name:transpose_dtv_full_mapping_flow_core.total, type:double, comment:null), FieldSchema(name:transpose_dtv_full_mapping_flow_core.subcon_cost, type:double, comment:null), FieldSchema(name:transpose_dtv_full_mapping_flow_core.material_no, type:double, comment:null), FieldSchema(name:transpose_dtv_full_mapping_flow_core.rpm_material_description, type:string, comment:null), FieldSchema(name:transpose_dtv_full_mapping_flow_core.finished_good_description, type:string, comment:null), FieldSchema(name:transpose_dtv_full_mapping_flow_core.variant_description, type:string, comment:null), FieldSchema(name:transpose_dtv_full_mapping_flow_core.description_of_ptup, type:string, comment:null), FieldSchema(name:transpose_dtv_full_mapping_flow_core.brnd_desc, type:string, comment:null), FieldSchema(name:transpose_dtv_full_mapping_flow_core.franchise, type:string, comment:null), FieldSchema(name:transpose_dtv_full_mapping_flow_core.path_id, type:string, comment:null), FieldSchema(name:transpose_dtv_full_mapping_flow_core.detail_loc_name, type:string, comment:null), FieldSchema(name:transpose_dtv_full_mapping_flow_core.total_rpm_cost, type:double, comment:null), FieldSchema(name:transpose_dtv_full_mapping_flow_core.cost_of_level, type:double, comment:null), FieldSchema(name:transpose_dtv_full_mapping_flow_core.cost_flow, type:double, comment:null), FieldSchema(name:transpose_dtv_full_mapping_flow_core.end_market, type:string, comment:null), FieldSchema(name:transpose_dtv_full_mapping_flow_core.selling_country, type:string, comment:null), FieldSchema(name:transpose_dtv_full_mapping_flow_core.year, type:int, comment:null)], properties:null)
INFO  : Completed compiling command(queryId=hive_20181110090303_60358492-1237-48f0-9cd3-860aefb2d1a0); Time taken: 0.126 seconds
INFO  : Executing command(queryId=hive_20181110090303_60358492-1237-48f0-9cd3-860aefb2d1a0): create table if not exists sc_p_con_core.transpose_dtv_full_mapping_flow_current_year_core stored as parquet as select * from sc_p_con_core.transpose_dtv_full_mapping_flow_core where year=2018
INFO  : Query ID = hive_20181110090303_60358492-1237-48f0-9cd3-860aefb2d1a0
INFO  : Total jobs = 3
INFO  : Launching Job 1 out of 3
INFO  : Starting task [Stage-1:MAPRED] in serial mode
INFO  : Number of reduce tasks is set to 0 since there's no reduce operator
INFO  : number of splits:3
INFO  : Submitting tokens for job: job_1541737235880_6707
INFO  : Kind: HDFS_DELEGATION_TOKEN, Service: ha-hdfs:nameservice1, Ident: (token for hive: HDFS_DELEGATION_TOKEN owner=hive/edlhiveqa.jnj.com@JNJ.COM, renewer=yarn, realUser=, issueDate=1541858628373, maxDate=1542463428373, sequenceNumber=135019, masterKeyId=70)
INFO  : Kind: kms-dt, Service: 10.38.174.101:16000, Ident: (kms-dt owner=hive, renewer=yarn, realUser=, issueDate=1541858628386, maxDate=1542463428386, sequenceNumber=134578, masterKeyId=44)
INFO  : The url to track the job: https://itsusralsp07937.jnj.com:8090/proxy/application_1541737235880_6707/
INFO  : Starting Job = job_1541737235880_6707, Tracking URL = https://itsusralsp07937.jnj.com:8090/proxy/application_1541737235880_6707/
INFO  : Kill Command = /opt/cloudera/parcels/CDH-5.11.2-1.cdh5.11.2.p0.4/lib/hadoop/bin/hadoop job  -kill job_1541737235880_6707
INFO  : Hadoop job information for Stage-1: number of mappers: 3; number of reducers: 0
INFO  : 2018-11-10 09:03:56,662 Stage-1 map = 0%,  reduce = 0%
INFO  : 2018-11-10 09:04:06,948 Stage-1 map = 67%,  reduce = 0%, Cumulative CPU 16.43 sec
INFO  : 2018-11-10 09:04:09,005 Stage-1 map = 100%,  reduce = 0%, Cumulative CPU 28.33 sec
INFO  : MapReduce Total cumulative CPU time: 28 seconds 330 msec
INFO  : Ended Job = job_1541737235880_6707
INFO  : Starting task [Stage-7:CONDITIONAL] in serial mode
INFO  : Stage-4 is filtered out by condition resolver.
INFO  : Stage-3 is selected by condition resolver.
INFO  : Stage-5 is filtered out by condition resolver.
INFO  : Launching Job 3 out of 3
INFO  : Starting task [Stage-3:MAPRED] in serial mode
INFO  : Number of reduce tasks is set to 0 since there's no reduce operator
INFO  : number of splits:1
INFO  : Submitting tokens for job: job_1541737235880_6709
INFO  : Kind: HDFS_DELEGATION_TOKEN, Service: ha-hdfs:nameservice1, Ident: (token for hive: HDFS_DELEGATION_TOKEN owner=hive/edlhiveqa.jnj.com@JNJ.COM, renewer=yarn, realUser=, issueDate=1541858650160, maxDate=1542463450160, sequenceNumber=135021, masterKeyId=70)
INFO  : Kind: kms-dt, Service: 10.38.174.101:16000, Ident: (kms-dt owner=hive, renewer=yarn, realUser=, issueDate=1541858650177, maxDate=1542463450177, sequenceNumber=134580, masterKeyId=44)
INFO  : The url to track the job: https://itsusralsp07937.jnj.com:8090/proxy/application_1541737235880_6709/
INFO  : Starting Job = job_1541737235880_6709, Tracking URL = https://itsusralsp07937.jnj.com:8090/proxy/application_1541737235880_6709/
INFO  : Kill Command = /opt/cloudera/parcels/CDH-5.11.2-1.cdh5.11.2.p0.4/lib/hadoop/bin/hadoop job  -kill job_1541737235880_6709
INFO  : Hadoop job information for Stage-3: number of mappers: 1; number of reducers: 0
INFO  : 2018-11-10 09:04:17,421 Stage-3 map = 0%,  reduce = 0%
INFO  : 2018-11-10 09:04:31,792 Stage-3 map = 100%,  reduce = 0%, Cumulative CPU 14.81 sec
INFO  : MapReduce Total cumulative CPU time: 14 seconds 810 msec
INFO  : Ended Job = job_1541737235880_6709
INFO  : Starting task [Stage-0:MOVE] in serial mode
INFO  : Moving data to: hdfs://nameservice1/qa/edl/sdl/plan/con/str/sc_p_con_core/transpose_dtv_full_mapping_flow_current_year_core from hdfs://nameservice1/qa/edl/sdl/plan/con/str/sc_p_con_core/.hive-staging_hive_2018-11-10_09-03-47_705_1559348218119126259-750/-ext-10001
INFO  : Starting task [Stage-8:DDL] in serial mode
INFO  : Starting task [Stage-2:STATS] in serial mode
INFO  : Table sc_p_con_core.transpose_dtv_full_mapping_flow_current_year_core stats: [numFiles=1, numRows=524009, totalSize=21944684, rawDataSize=18864324]
INFO  : MapReduce Jobs Launched: 
INFO  : Stage-Stage-1: Map: 3   Cumulative CPU: 28.33 sec   HDFS Read: 25378628 HDFS Write: 24401533 SUCCESS
INFO  : Stage-Stage-3: Map: 1   Cumulative CPU: 14.81 sec   HDFS Read: 24415213 HDFS Write: 21944684 SUCCESS
INFO  : Total MapReduce CPU Time Spent: 43 seconds 140 msec
INFO  : Completed executing command(queryId=hive_20181110090303_60358492-1237-48f0-9cd3-860aefb2d1a0); Time taken: 45.184 seconds
INFO  : OK
No rows affected (45.45 seconds)
Beeline version 1.1.0-cdh5.11.2 by Apache Hive
Closing: 0: jdbc:hive2://edlhiveqa.jnj.com:10000/default;principal=hive/edlhiveqa.jnj.com@NA.JNJ.COM
------------------------------------------------------------------------
11/10/18 09:04:33 : Trying to connect to Impala server for the 0 time
------------------------------------------------------------------------
Starting Impala Shell using Kerberos authentication
Using service name 'impala'
SSL is enabled
Connected to edlimpalaqa.jnj.com:21000
Server version: impalad version 2.8.0-cdh5.11.2 RELEASE (build f89269c4b96da14a841e94bdf6d4d48821b0d658)
Query: invalidate metadata sc_p_con_core.transpose_dtv_full_mapping_flow_current_year_core
Query submitted at: 2018-11-10 09:04:33 (Coordinator: https://ITSUSRALSP07945:25000)
Query progress can be monitored at: https://ITSUSRALSP07945:25000/query_plan?query_id=5f4ab32d021f375a:3c2b46cd00000000
Fetched 0 row(s) in 1.51s
------------------------------------------------------------------------
11/10/18 09:04:34 : Core table sc_p_con_core.transpose_dtv_full_mapping_flow_current_year_core with new partition for file full_mapping_flow created successfully
------------------------------------------------------------------------
------------------------------------------------------------------------
11/10/18 09:04:34 : Trying to connect to HIve beeline server for the 0 time
------------------------------------------------------------------------
Java HotSpot(TM) 64-Bit Server VM warning: ignoring option MaxPermSize=512M; support was removed in 8.0
Java HotSpot(TM) 64-Bit Server VM warning: Using incremental CMS is deprecated and will likely be removed in a future release
Java HotSpot(TM) 64-Bit Server VM warning: ignoring option MaxPermSize=512M; support was removed in 8.0
scan complete in 1ms
Connecting to jdbc:hive2://edlhiveqa.jnj.com:10000/default;principal=hive/edlhiveqa.jnj.com@NA.JNJ.COM
Connected to: Apache Hive (version 1.1.0-cdh5.11.2)
Driver: Hive JDBC (version 1.1.0-cdh5.11.2)
Transaction isolation: TRANSACTION_REPEATABLE_READ
INFO  : Compiling command(queryId=hive_20181110090404_d18a305b-4d20-4fa8-86d8-b9d2891891e4): select count(*) from sc_p_con_core.transpose_dtv_full_mapping_flow_current_year_core
INFO  : Semantic Analysis Completed
INFO  : Returning Hive schema: Schema(fieldSchemas:[FieldSchema(name:_c0, type:bigint, comment:null)], properties:null)
INFO  : Completed compiling command(queryId=hive_20181110090404_d18a305b-4d20-4fa8-86d8-b9d2891891e4); Time taken: 0.11 seconds
INFO  : Executing command(queryId=hive_20181110090404_d18a305b-4d20-4fa8-86d8-b9d2891891e4): select count(*) from sc_p_con_core.transpose_dtv_full_mapping_flow_current_year_core
INFO  : Query ID = hive_20181110090404_d18a305b-4d20-4fa8-86d8-b9d2891891e4
INFO  : Total jobs = 1
INFO  : Launching Job 1 out of 1
INFO  : Starting task [Stage-1:MAPRED] in serial mode
INFO  : Number of reduce tasks determined at compile time: 1
INFO  : In order to change the average load for a reducer (in bytes):
INFO  :   set hive.exec.reducers.bytes.per.reducer=<number>
INFO  : In order to limit the maximum number of reducers:
INFO  :   set hive.exec.reducers.max=<number>
INFO  : In order to set a constant number of reducers:
INFO  :   set mapreduce.job.reduces=<number>
INFO  : number of splits:1
INFO  : Submitting tokens for job: job_1541737235880_6712
INFO  : Kind: HDFS_DELEGATION_TOKEN, Service: ha-hdfs:nameservice1, Ident: (token for hive: HDFS_DELEGATION_TOKEN owner=hive/edlhiveqa.jnj.com@JNJ.COM, renewer=yarn, realUser=, issueDate=1541858678860, maxDate=1542463478860, sequenceNumber=135025, masterKeyId=70)
INFO  : Kind: kms-dt, Service: 10.38.174.101:16000, Ident: (kms-dt owner=hive, renewer=yarn, realUser=, issueDate=1541858678872, maxDate=1542463478872, sequenceNumber=134584, masterKeyId=44)
INFO  : The url to track the job: https://itsusralsp07937.jnj.com:8090/proxy/application_1541737235880_6712/
INFO  : Starting Job = job_1541737235880_6712, Tracking URL = https://itsusralsp07937.jnj.com:8090/proxy/application_1541737235880_6712/
INFO  : Kill Command = /opt/cloudera/parcels/CDH-5.11.2-1.cdh5.11.2.p0.4/lib/hadoop/bin/hadoop job  -kill job_1541737235880_6712
INFO  : Hadoop job information for Stage-1: number of mappers: 1; number of reducers: 1
INFO  : 2018-11-10 09:04:46,112 Stage-1 map = 0%,  reduce = 0%
INFO  : 2018-11-10 09:04:55,347 Stage-1 map = 100%,  reduce = 0%, Cumulative CPU 6.65 sec
INFO  : 2018-11-10 09:05:03,553 Stage-1 map = 100%,  reduce = 100%, Cumulative CPU 9.2 sec
INFO  : MapReduce Total cumulative CPU time: 9 seconds 200 msec
INFO  : Ended Job = job_1541737235880_6712
INFO  : MapReduce Jobs Launched: 
INFO  : Stage-Stage-1: Map: 1  Reduce: 1   Cumulative CPU: 9.2 sec   HDFS Read: 21964780 HDFS Write: 7 SUCCESS
INFO  : Total MapReduce CPU Time Spent: 9 seconds 200 msec
INFO  : Completed executing command(queryId=hive_20181110090404_d18a305b-4d20-4fa8-86d8-b9d2891891e4); Time taken: 25.899 seconds
INFO  : OK
1 row selected (26.106 seconds)
Beeline version 1.1.0-cdh5.11.2 by Apache Hive
Closing: 0: jdbc:hive2://edlhiveqa.jnj.com:10000/default;principal=hive/edlhiveqa.jnj.com@NA.JNJ.COM
------------------------------------------------------------------------
11/10/18 09:05:04 : Total current year core records: 524009
------------------------------------------------------------------------
------------------------------------------------------------------------
11/10/18 09:05:04 : Creating an empty file to denote the success status for this table
------------------------------------------------------------------------
------------------------------------------------------------------------
11/10/18 09:05:04 : Successfully created an empty file for this table
------------------------------------------------------------------------
------------------------------------------------------------------------
------------------------------------------------------------------------
11/10/18 09:05:04 : inserting a record in the log table
------------------------------------------------------------------------
------------------------------------------------------------------------
11/10/18 09:05:04 : Ingestion process has completed successfully
------------------------------------------------------------------------
------------------------------------------------------------------------
11/10/18 09:05:04 : Trying to connect to Impala server for the 0 time
------------------------------------------------------------------------
Starting Impala Shell using Kerberos authentication
Using service name 'impala'
SSL is enabled
Connected to edlimpalaqa.jnj.com:21000
Server version: impalad version 2.8.0-cdh5.11.2 RELEASE (build f89269c4b96da14a841e94bdf6d4d48821b0d658)
Query: insert into sc_p_con_core.transpose_ingestion_log  values('full_mapping_flow','transpose_dtv','','524009','524009','2018-11-10 08:59:27','2018-11-10 09:05:04','SUCCESS','Ingestion process has completed successfully')
Query submitted at: 2018-11-10 09:05:05 (Coordinator: https://ITSUSRALSP07945:25000)
Query progress can be monitored at: https://ITSUSRALSP07945:25000/query_plan?query_id=2b4d138cfbb7db4c:20a5efd900000000
Modified 1 row(s) in 0.13s
------------------------------------------------------------------------
