11/10/18 08:59:27 : sending mail communication
11/10/18 08:59:27 : cleaning the status check file as it  exists for the configuration file transpose_dtv_tables.txt
11/10/18 08:59:27 : Number of tables in config file  : 3
11/10/18 08:59:27 : ****STARTING THE EXECUTION OF THE INGESTION PROCESS****
11/10/18 08:59:27 : nohup command: /data/data02/qa/edl/sdl/con/appcode/scripts/transpose_dtv_automation_child_script.sh /data/data02/qa/edl/sdl/con/appcode/configs/transpose_env.config full_mapping_flow index int,Material string,Location_Type string,Location_Name string,Level int,end_dc string,Vendor_Code string,RPM_Material string,Manufacturer string,RPM_Manufacturing_Location string,RPM_Material_Type string,Mfg string,city string,ctry_desc string,name string,Lat double,Lng double,NO int,Episode int,Total double,SubCon_Cost double,Material_No double,RPM_Material_Description string,Finished_Good_Description string,Variant_Description string,Description_of_ptup string,Brnd_desc string,franchise string,Path_ID string,Detail_Loc_Name string,Total_RPM_Cost double,Cost_of_Level double,Cost_Flow double,End_Market string,Selling_Country string index,Material,Location_Type,Location_Name,Level,end_dc,Vendor_Code,RPM_Material,Manufacturer,RPM_Manufacturing_Location,RPM_Material_Type,Mfg,city,ctry_desc,name,Lat,Lng,NO,Episode,Total,SubCon_Cost,Material_No,RPM_Material_Description,Finished_Good_Description,Variant_Description,Description_of_ptup,Brnd_desc,franchise,Path_ID,Detail_Loc_Name,Total_RPM_Cost,Cost_of_Level,Cost_Flow,End_Market,Selling_Country,year Y year 1,year /data/data02/qa/edl/sdl/con/appcode/logs/TRANSPOSE/transpose_dtv_full_mapping_flow_10112018085927.log 2018-11-10 08:59:27 /data/data02/qa/edl/sdl/con/appcode/logs/STATUS_CHECK/TRANSPOSE/status_check_transpose_dtv_tables.txt
11/10/18 08:59:27 : Child script has been invoked for full_mapping_flow
------------------------------------------------------------------------
11/10/18 08:59:27 : /data/data02/qa/edl/sdl/con/appcode/logs/TRANSPOSE/transpose_dtv_full_mapping_flow_10112018085927.log
------------------------------------------------------------------------
11/10/18 08:59:27 : ****STARTING THE EXECUTION OF THE INGESTION PROCESS****
11/10/18 08:59:27 : nohup command: /data/data02/qa/edl/sdl/con/appcode/scripts/transpose_dtv_automation_child_script.sh /data/data02/qa/edl/sdl/con/appcode/configs/transpose_env.config bundle_mapping_flow index int,Material_Sub string,Material_Dc string,Location_Name string,Origin_Destination string,Path_ID string,Level int,city string,ctry_desc string,Lat double,Lng double,Description_of_Material_at_Sub string,Variant_Description string,Brnd_desc string,Franchise string,Description_of_Material_at_Dc string,end_dc string,End_Market string,Selling_Country string index,Material_Sub,Material_Dc,Location_Name,Origin_Destination,Path_ID,Level,city,ctry_desc,Lat,Lng,Description_of_Material_at_Sub,Variant_Description,Brnd_desc,Franchise,Description_of_Material_at_Dc,end_dc,End_Market,Selling_Country,year Y year 1,year /data/data02/qa/edl/sdl/con/appcode/logs/TRANSPOSE/transpose_dtv_bundle_mapping_flow_10112018085927.log 2018-11-10 08:59:27 /data/data02/qa/edl/sdl/con/appcode/logs/STATUS_CHECK/TRANSPOSE/status_check_transpose_dtv_tables.txt
11/10/18 08:59:27 : Child script has been invoked for bundle_mapping_flow
------------------------------------------------------------------------
11/10/18 08:59:27 : /data/data02/qa/edl/sdl/con/appcode/logs/TRANSPOSE/transpose_dtv_bundle_mapping_flow_10112018085927.log
------------------------------------------------------------------------
11/10/18 08:59:27 : ****STARTING THE EXECUTION OF THE INGESTION PROCESS****
11/10/18 08:59:27 : nohup command: /data/data02/qa/edl/sdl/con/appcode/scripts/transpose_dtv_automation_child_script.sh /data/data02/qa/edl/sdl/con/appcode/configs/transpose_env.config cost_bom bom_lv int,matl_desc string,matl_cd string,curr string,qty double,std_cost string,total_cost double,unit string,plnt_cd string,BOL1 string,BOL2 string,BOL3 string,BOL4 string,BOL5 string,BOL6 string,BOL7 string,BOL8 string,BOL9 string,Lowest_Level string,Direct_Parent string,Cost_of_parent_level double,FG_Total_Cost double,mtype string,pt_cd string,spt_cd string,brnd_cd string,vrnt_cd string,putup_cd string,sku_desc string,franchise string,brnd_desc string,long_text string,vendor_cd double,putup_desc string,Cost_Component_Type string,Origin string,PutUp_Value double,PutUp_Type string,Des_CoCode string,Ori_CoCode string,exrt double,FG_Total_Cost_USD double,Cost_of_parent_level_USD double,FG_Cost_Per_Pc_USD double,Cost_of_parent_level_per_pc_USD double,Total_Cost_per_pc_USD double,Total_USD double,Total_CostperLiter_Kg_Ou_Meter_Pc_USD double,FG_Costper_Liter_Kg_Ou_Meter_Pc_USD double,Cost_of_parentlevelperLiter_Kg_Ou_Meter_Pc_USD double,vrnt_desc string,Is_DC_Cost string,Destination_City string,Destination_Country string,Destination_Country_Name string,Destination_Plant_Name string,Origin_City string,Origin_Country string,Origin_Country_Name string,Origin_Plant_Name string,com_grp string,ingredient_nm string,matl_category string,matl_grp string,matl_nm string,raw_vendor_cd double,rpm_sourcing_loctaion string,typ string,vendor_nm string,RPM_Material_Type string,com_grp_Parent string,ingredient_nm_Parent string,matl_category_Parent string,matl_grp_Parent string,matl_nm_Parent string,plnt_cd_Parent string,raw_vendor_cd_Parent double,rpm_sourcing_loctaion_Parent string,typ_Parent string,vendor_nm_Parent string,RPM_Material_Type_Parent string,SubCon_Cost double,Cost_Type string bom_lv,matl_desc,matl_cd,curr,qty,std_cost,total_cost,unit,plnt_cd,BOL1,BOL2,BOL3,BOL4,BOL5,BOL6,BOL7,BOL8,BOL9,Lowest_Level,Direct_Parent,Cost_of_parent_level,FG_Total_Cost,mtype,pt_cd,spt_cd,brnd_cd,vrnt_cd,putup_cd,sku_desc,franchise,brnd_desc,long_text,vendor_cd,putup_desc,Cost_Component_Type,Origin,PutUp_Value,PutUp_Type,Des_CoCode,Ori_CoCode,exrt,FG_Total_Cost_USD,Cost_of_parent_level_USD,FG_Cost_Per_Pc_USD,Cost_of_parent_level_per_pc_USD,Total_Cost_per_pc_USD,Total_USD,Total_CostperLiter_Kg_Ou_Meter_Pc_USD,FG_Costper_Liter_Kg_Ou_Meter_Pc_USD,Cost_of_parentlevelperLiter_Kg_Ou_Meter_Pc_USD,vrnt_desc,Is_DC_Cost,Destination_City,Destination_Country,Destination_Country_Name,Destination_Plant_Name,Origin_City,Origin_Country,Origin_Country_Name,Origin_Plant_Name,com_grp,ingredient_nm,matl_category,matl_grp,matl_nm,raw_vendor_cd,rpm_sourcing_loctaion,typ,vendor_nm,RPM_Material_Type,com_grp_Parent,ingredient_nm_Parent,matl_category_Parent,matl_grp_Parent,matl_nm_Parent,plnt_cd_Parent,raw_vendor_cd_Parent,rpm_sourcing_loctaion_Parent,typ_Parent,vendor_nm_Parent,RPM_Material_Type_Parent,SubCon_Cost,Cost_Type,year Y year 2,year /data/data02/qa/edl/sdl/con/appcode/logs/TRANSPOSE/transpose_dtv_cost_bom_10112018085927.log 2018-11-10 08:59:27 /data/data02/qa/edl/sdl/con/appcode/logs/STATUS_CHECK/TRANSPOSE/status_check_transpose_dtv_tables.txt
11/10/18 08:59:27 : Child script has been invoked for cost_bom
11/10/18 08:59:27 : Max Ingestion Start Time: 2018-11-10 08:59:27
11/10/18 08:59:28 : Count of run tables : 0
11/10/18 08:59:28 : sleeping for 5 minutes
------------------------------------------------------------------------
11/10/18 08:59:28 : /data/data02/qa/edl/sdl/con/appcode/logs/TRANSPOSE/transpose_dtv_cost_bom_10112018085927.log
------------------------------------------------------------------------
11/10/18 09:04:28 : Number of completed Tables: 1
11/10/18 09:04:28 : sleeping for 5 minutes
11/10/18 09:09:28 : Number of completed Tables: 3
11/10/18 09:09:28 : Number of Failed Tables: 0
11/10/18 09:09:28 : All child scripts have successfully executed
11/10/18 09:09:28 : Master script has finished its execution
